<?xml version="1.0" encoding="UTF-8"?>
<!-- Generated by org.testng.reporters.JUnitXMLReporter -->
<testsuite hostname="MAY38" name="Default test(failed)(failed)" tests="6" failures="1" timestamp="17 Sep 2014 03:04:49 GMT" time="0.049" errors="0">
  <testcase name="@BeforeTest open" time="0.0" classname="MyPackage.calendar_test">
    <failure type="java.lang.NullPointerException">
      <![CDATA[java.lang.NullPointerException
... Removed 16 stack frames]]>
    </failure>
  </testcase> <!-- @BeforeTest open -->
  <testcase name="@AfterTest endSession" time="0.0" classname="MyPackage.calendar_test">
    <failure type="java.lang.NullPointerException">
      <![CDATA[java.lang.NullPointerException
... Removed 16 stack frames]]>
    </failure>
  </testcase> <!-- @AfterTest endSession -->
  <testcase name="test6" time="0.003" classname="MyPackage.calendar_test">
    <skipped/>
  </testcase> <!-- test6 -->
  <testcase name="test2" time="0.001" classname="MyPackage.calendar_test">
    <skipped/>
  </testcase> <!-- test2 -->
  <testcase name="test5" time="0.001" classname="MyPackage.calendar_test">
    <skipped/>
  </testcase> <!-- test5 -->
  <testcase name="test4" time="0.011" classname="MyPackage.calendar_test">
    <failure type="org.testng.TestNGException" message="
Can&amp;apos;t invoke public void MyPackage.calendar_test.test4(): either make it static or add a no-args constructor to your class">
      <![CDATA[org.testng.TestNGException: 
Can't invoke public void MyPackage.calendar_test.test4(): either make it static or add a no-args constructor to your class
... Removed 21 stack frames]]>
    </failure>
  </testcase> <!-- test4 -->
  <testcase name="test3" time="0.001" classname="MyPackage.calendar_test">
    <skipped/>
  </testcase> <!-- test3 -->
  <testcase name="test1" time="0.001" classname="MyPackage.calendar_test">
    <skipped/>
  </testcase> <!-- test1 -->
</testsuite> <!-- Default test(failed)(failed) -->
