<?xml version="1.0" encoding="UTF-8"?>
<testng-results skipped="0" failed="0" total="6" passed="6">
  <reporter-output>
  </reporter-output>
  <suite name="Default suite" duration-ms="31559" started-at="2014-09-18T08:34:59Z" finished-at="2014-09-18T08:35:31Z">
    <groups>
    </groups>
    <test name="Default test" duration-ms="31559" started-at="2014-09-18T08:34:59Z" finished-at="2014-09-18T08:35:31Z">
      <class name="MyPackage.calendar_test">
        <test-method status="PASS" signature="before()[pri:0, instance:MyPackage.calendar_test@12e335ef]" name="before" is-config="true" duration-ms="7746" started-at="2014-09-18T15:34:59Z" finished-at="2014-09-18T15:35:07Z">
          <reporter-output>
          </reporter-output>
        </test-method> <!-- before -->
        <test-method status="PASS" signature="Add_quick_event_from_calendar_view_by_right_click()[pri:0, instance:MyPackage.calendar_test@12e335ef]" name="Add_quick_event_from_calendar_view_by_right_click" duration-ms="3148" started-at="2014-09-18T15:35:07Z" finished-at="2014-09-18T15:35:10Z">
          <reporter-output>
          </reporter-output>
        </test-method> <!-- Add_quick_event_from_calendar_view_by_right_click -->
        <test-method status="PASS" signature="Add_new_event_with_special_characters()[pri:0, instance:MyPackage.calendar_test@12e335ef]" name="Add_new_event_with_special_characters" duration-ms="3423" started-at="2014-09-18T15:35:10Z" finished-at="2014-09-18T15:35:14Z">
          <reporter-output>
          </reporter-output>
        </test-method> <!-- Add_new_event_with_special_characters -->
        <test-method status="PASS" signature="Add_all_day_event()[pri:0, instance:MyPackage.calendar_test@12e335ef]" name="Add_all_day_event" duration-ms="1880" started-at="2014-09-18T15:35:14Z" finished-at="2014-09-18T15:35:16Z">
          <reporter-output>
          </reporter-output>
        </test-method> <!-- Add_all_day_event -->
        <test-method status="PASS" signature="Delete_event_all_category()[pri:0, instance:MyPackage.calendar_test@12e335ef]" name="Delete_event_all_category" duration-ms="1774" started-at="2014-09-18T15:35:16Z" finished-at="2014-09-18T15:35:17Z">
          <reporter-output>
          </reporter-output>
        </test-method> <!-- Delete_event_all_category -->
        <test-method status="PASS" signature="Add_event_with_priority()[pri:0, instance:MyPackage.calendar_test@12e335ef]" name="Add_event_with_priority" duration-ms="9803" started-at="2014-09-18T15:35:17Z" finished-at="2014-09-18T15:35:27Z">
          <reporter-output>
          </reporter-output>
        </test-method> <!-- Add_event_with_priority -->
        <test-method status="PASS" signature="Add_new_event_with_duplicated_name()[pri:0, instance:MyPackage.calendar_test@12e335ef]" name="Add_new_event_with_duplicated_name" duration-ms="3688" started-at="2014-09-18T15:35:27Z" finished-at="2014-09-18T15:35:31Z">
          <reporter-output>
          </reporter-output>
        </test-method> <!-- Add_new_event_with_duplicated_name -->
        <test-method status="PASS" signature="after()[pri:0, instance:MyPackage.calendar_test@12e335ef]" name="after" is-config="true" duration-ms="74" started-at="2014-09-18T15:35:31Z" finished-at="2014-09-18T15:35:31Z">
          <reporter-output>
          </reporter-output>
        </test-method> <!-- after -->
      </class> <!-- MyPackage.calendar_test -->
    </test> <!-- Default test -->
  </suite> <!-- Default suite -->
</testng-results>
