<?xml version="1.0" encoding="UTF-8"?>
<!-- Generated by org.testng.reporters.JUnitXMLReporter -->
<testsuite hostname="MAY38" name="Default test" tests="6" failures="0" timestamp="18 Sep 2014 08:35:31 GMT" time="31.559" errors="0">
  <testcase name="Add_quick_event_from_calendar_view_by_right_click" time="3.148" classname="MyPackage.calendar_test"/>
  <testcase name="Add_new_event_with_special_characters" time="3.423" classname="MyPackage.calendar_test"/>
  <testcase name="Add_all_day_event" time="1.88" classname="MyPackage.calendar_test"/>
  <testcase name="Delete_event_all_category" time="1.774" classname="MyPackage.calendar_test"/>
  <testcase name="Add_event_with_priority" time="9.803" classname="MyPackage.calendar_test"/>
  <testcase name="Add_new_event_with_duplicated_name" time="3.688" classname="MyPackage.calendar_test"/>
</testsuite> <!-- Default test -->
