<?xml version="1.0" encoding="UTF-8"?>
<testng-results skipped="0" failed="0" total="6" passed="6">
  <reporter-output>
  </reporter-output>
  <suite name="calendar_test" duration-ms="30176" started-at="2014-09-23T15:03:42Z" finished-at="2014-09-23T15:04:12Z">
    <groups>
    </groups>
    <test name="TheTest" duration-ms="30176" started-at="2014-09-23T15:03:42Z" finished-at="2014-09-23T15:04:12Z">
      <class name="packageTest.TheTest">
        <test-method status="PASS" signature="before()[pri:0, instance:packageTest.TheTest@709446e4]" name="before" is-config="true" duration-ms="6901" started-at="2014-09-23T15:03:42Z" finished-at="2014-09-23T15:03:49Z">
        </test-method>
        <test-method status="PASS" signature="Add_quick_event_from_calendar_view_by_right_click()[pri:0, instance:packageTest.TheTest@709446e4]" name="Add_quick_event_from_calendar_view_by_right_click" duration-ms="2836" started-at="2014-09-23T15:03:49Z" finished-at="2014-09-23T15:03:52Z">
        </test-method>
        <test-method status="PASS" signature="Add_new_event_with_special_characters()[pri:10, instance:packageTest.TheTest@709446e4]" name="Add_new_event_with_special_characters" duration-ms="3371" started-at="2014-09-23T15:03:52Z" finished-at="2014-09-23T15:03:55Z">
        </test-method>
        <test-method status="PASS" signature="Add_all_day_event()[pri:20, instance:packageTest.TheTest@709446e4]" name="Add_all_day_event" duration-ms="2332" started-at="2014-09-23T15:03:55Z" finished-at="2014-09-23T15:03:57Z">
        </test-method>
        <test-method status="PASS" signature="Delete_event_all_category()[pri:30, instance:packageTest.TheTest@709446e4]" name="Delete_event_all_category" duration-ms="1755" started-at="2014-09-23T15:03:57Z" finished-at="2014-09-23T15:03:59Z">
        </test-method>
        <test-method status="PASS" signature="Add_event_with_priority()[pri:40, instance:packageTest.TheTest@709446e4]" name="Add_event_with_priority" duration-ms="9358" started-at="2014-09-23T15:03:59Z" finished-at="2014-09-23T15:04:08Z">
        </test-method>
        <test-method status="PASS" signature="Add_new_event_with_duplicated_name()[pri:50, instance:packageTest.TheTest@709446e4]" name="Add_new_event_with_duplicated_name" duration-ms="3530" started-at="2014-09-23T15:04:08Z" finished-at="2014-09-23T15:04:12Z">
        </test-method>
        <test-method status="PASS" signature="after()[pri:0, instance:packageTest.TheTest@709446e4]" name="after" is-config="true" duration-ms="76" started-at="2014-09-23T15:04:12Z" finished-at="2014-09-23T15:04:12Z">
        </test-method>
      </class>
    </test>
  </suite>
</testng-results>
