<?xml version="1.0" encoding="UTF-8" ?>
<testsuite failures="0" time="23.18" errors="0" skipped="0" tests="6" name="TestSuite">
  <properties>
[...]
</properties>
  <testcase time="2.834" classname="packageTest.TheTest" name="Add_quick_event_from_calendar_view_by_right_click"/>
  <testcase time="3.369" classname="packageTest.TheTest" name="Add_new_event_with_special_characters"/>
  <testcase time="2.332" classname="packageTest.TheTest" name="Add_all_day_event"/>
  <testcase time="1.756" classname="packageTest.TheTest" name="Delete_event_all_category"/>
  <testcase time="9.358" classname="packageTest.TheTest" name="Add_event_with_priority"/>
  <testcase time="3.531" classname="packageTest.TheTest" name="Add_new_event_with_duplicated_name"/>
</testsuite>